<?xml version="1.0" encoding="UTF-8"?>
<coverage generated="1636679996306" clover="3.2.0">
  <project timestamp="1636679996306" name="All files">
    <metrics statements="10" coveredstatements="10" conditionals="10" coveredconditionals="9" methods="2" coveredmethods="2" elements="22" coveredelements="21" complexity="0" loc="10" ncloc="10" packages="1" files="1" classes="1"/>
    <file name="Prova.js" path="C:\Users\mvbra\Desktop\Prova\lib\Prova.js">
      <metrics statements="10" coveredstatements="10" conditionals="10" coveredconditionals="9" methods="2" coveredmethods="2"/>
      <line num="1" count="1" type="stmt"/>
      <line num="2" count="5" type="cond" truecount="2" falsecount="0"/>
      <line num="3" count="3" type="stmt"/>
      <line num="9" count="5" type="stmt"/>
      <line num="11" count="5" type="cond" truecount="4" falsecount="0"/>
      <line num="13" count="2" type="cond" truecount="1" falsecount="1"/>
      <line num="14" count="2" type="cond" truecount="2" falsecount="0"/>
      <line num="15" count="1" type="stmt"/>
      <line num="20" count="3" type="stmt"/>
      <line num="25" count="1" type="stmt"/>
    </file>
  </project>
</coverage>
