<?xml version="1.0" encoding="UTF-8"?>
<coverage generated="1636680923697" clover="3.2.0">
  <project timestamp="1636680923697" name="All files">
    <metrics statements="23" coveredstatements="23" conditionals="25" coveredconditionals="22" methods="4" coveredmethods="4" elements="52" coveredelements="49" complexity="0" loc="23" ncloc="23" packages="1" files="1" classes="1"/>
    <file name="Prova.js" path="C:\Users\mvbra\Desktop\Prova\lib\Prova.js">
      <metrics statements="23" coveredstatements="23" conditionals="25" coveredconditionals="22" methods="4" coveredmethods="4"/>
      <line num="1" count="1" type="stmt"/>
      <line num="2" count="5" type="cond" truecount="2" falsecount="0"/>
      <line num="3" count="3" type="stmt"/>
      <line num="7" count="1" type="stmt"/>
      <line num="9" count="5" type="stmt"/>
      <line num="11" count="5" type="cond" truecount="4" falsecount="0"/>
      <line num="13" count="2" type="cond" truecount="1" falsecount="1"/>
      <line num="14" count="2" type="cond" truecount="2" falsecount="0"/>
      <line num="15" count="1" type="stmt"/>
      <line num="20" count="3" type="stmt"/>
      <line num="25" count="1" type="stmt"/>
      <line num="27" count="5" type="stmt"/>
      <line num="29" count="5" type="cond" truecount="4" falsecount="0"/>
      <line num="31" count="1" type="cond" truecount="1" falsecount="1"/>
      <line num="32" count="1" type="cond" truecount="1" falsecount="1"/>
      <line num="33" count="1" type="stmt"/>
      <line num="38" count="4" type="stmt"/>
      <line num="43" count="1" type="stmt"/>
      <line num="45" count="5" type="cond" truecount="2" falsecount="0"/>
      <line num="46" count="2" type="cond" truecount="5" falsecount="0"/>
      <line num="47" count="1" type="stmt"/>
      <line num="51" count="3" type="stmt"/>
      <line num="56" count="1" type="stmt"/>
    </file>
  </project>
</coverage>
