{"C:\\Users\\mvbra\\Desktop\\Prova\\lib\\Prova.js": {"path":"C:\\Users\\mvbra\\Desktop\\Prova\\lib\\Prova.js","statementMap":{"0":{"start":{"line":1,"column":24},"end":{"line":5,"column":1}},"1":{"start":{"line":2,"column":4},"end":{"line":4,"column":5}},"2":{"start":{"line":3,"column":8},"end":{"line":3,"column":21}},"3":{"start":{"line":7,"column":43},"end":{"line":23,"column":1}},"4":{"start":{"line":9,"column":15},"end":{"line":9,"column":25}},"5":{"start":{"line":11,"column":4},"end":{"line":21,"column":5}},"6":{"start":{"line":13,"column":8},"end":{"line":17,"column":9}},"7":{"start":{"line":14,"column":12},"end":{"line":16,"column":13}},"8":{"start":{"line":15,"column":16},"end":{"line":15,"column":29}},"9":{"start":{"line":20,"column":8},"end":{"line":20,"column":21}},"10":{"start":{"line":25,"column":49},"end":{"line":41,"column":1}},"11":{"start":{"line":27,"column":15},"end":{"line":27,"column":25}},"12":{"start":{"line":29,"column":4},"end":{"line":39,"column":5}},"13":{"start":{"line":31,"column":8},"end":{"line":35,"column":9}},"14":{"start":{"line":32,"column":12},"end":{"line":34,"column":13}},"15":{"start":{"line":33,"column":16},"end":{"line":33,"column":29}},"16":{"start":{"line":38,"column":8},"end":{"line":38,"column":21}},"17":{"start":{"line":45,"column":4},"end":{"line":52,"column":5}},"18":{"start":{"line":46,"column":8},"end":{"line":48,"column":9}},"19":{"start":{"line":47,"column":12},"end":{"line":47,"column":25}},"20":{"start":{"line":51,"column":8},"end":{"line":51,"column":21}},"21":{"start":{"line":56,"column":0},"end":{"line":56,"column":137}}},"fnMap":{"0":{"name":"(anonymous_0)","decl":{"start":{"line":1,"column":24},"end":{"line":1,"column":25}},"loc":{"start":{"line":1,"column":35},"end":{"line":5,"column":1}},"line":1},"1":{"name":"(anonymous_1)","decl":{"start":{"line":7,"column":43},"end":{"line":7,"column":44}},"loc":{"start":{"line":7,"column":54},"end":{"line":23,"column":1}},"line":7},"2":{"name":"(anonymous_2)","decl":{"start":{"line":25,"column":49},"end":{"line":25,"column":50}},"loc":{"start":{"line":25,"column":60},"end":{"line":41,"column":1}},"line":25},"3":{"name":"FiltroMaior4000eRegiaoSul","decl":{"start":{"line":43,"column":9},"end":{"line":43,"column":34}},"loc":{"start":{"line":43,"column":41},"end":{"line":54,"column":1}},"line":43}},"branchMap":{"0":{"loc":{"start":{"line":2,"column":4},"end":{"line":4,"column":5}},"type":"if","locations":[{"start":{"line":2,"column":4},"end":{"line":4,"column":5}},{"start":{},"end":{}}],"line":2},"1":{"loc":{"start":{"line":11,"column":4},"end":{"line":21,"column":5}},"type":"if","locations":[{"start":{"line":11,"column":4},"end":{"line":21,"column":5}},{"start":{"line":19,"column":8},"end":{"line":21,"column":5}}],"line":11},"2":{"loc":{"start":{"line":11,"column":7},"end":{"line":11,"column":49}},"type":"binary-expr","locations":[{"start":{"line":11,"column":7},"end":{"line":11,"column":26}},{"start":{"line":11,"column":30},"end":{"line":11,"column":49}}],"line":11},"3":{"loc":{"start":{"line":13,"column":8},"end":{"line":17,"column":9}},"type":"if","locations":[{"start":{"line":13,"column":8},"end":{"line":17,"column":9}},{"start":{},"end":{}}],"line":13},"4":{"loc":{"start":{"line":14,"column":12},"end":{"line":16,"column":13}},"type":"if","locations":[{"start":{"line":14,"column":12},"end":{"line":16,"column":13}},{"start":{},"end":{}}],"line":14},"5":{"loc":{"start":{"line":29,"column":4},"end":{"line":39,"column":5}},"type":"if","locations":[{"start":{"line":29,"column":4},"end":{"line":39,"column":5}},{"start":{"line":37,"column":8},"end":{"line":39,"column":5}}],"line":29},"6":{"loc":{"start":{"line":29,"column":7},"end":{"line":29,"column":49}},"type":"binary-expr","locations":[{"start":{"line":29,"column":7},"end":{"line":29,"column":26}},{"start":{"line":29,"column":30},"end":{"line":29,"column":49}}],"line":29},"7":{"loc":{"start":{"line":31,"column":8},"end":{"line":35,"column":9}},"type":"if","locations":[{"start":{"line":31,"column":8},"end":{"line":35,"column":9}},{"start":{},"end":{}}],"line":31},"8":{"loc":{"start":{"line":32,"column":12},"end":{"line":34,"column":13}},"type":"if","locations":[{"start":{"line":32,"column":12},"end":{"line":34,"column":13}},{"start":{},"end":{}}],"line":32},"9":{"loc":{"start":{"line":45,"column":4},"end":{"line":52,"column":5}},"type":"if","locations":[{"start":{"line":45,"column":4},"end":{"line":52,"column":5}},{"start":{"line":50,"column":8},"end":{"line":52,"column":5}}],"line":45},"10":{"loc":{"start":{"line":46,"column":8},"end":{"line":48,"column":9}},"type":"if","locations":[{"start":{"line":46,"column":8},"end":{"line":48,"column":9}},{"start":{},"end":{}}],"line":46},"11":{"loc":{"start":{"line":46,"column":11},"end":{"line":46,"column":137}},"type":"binary-expr","locations":[{"start":{"line":46,"column":11},"end":{"line":46,"column":44}},{"start":{"line":46,"column":48},"end":{"line":46,"column":92}},{"start":{"line":46,"column":96},"end":{"line":46,"column":137}}],"line":46}},"s":{"0":1,"1":5,"2":3,"3":1,"4":5,"5":5,"6":2,"7":2,"8":1,"9":3,"10":1,"11":5,"12":5,"13":1,"14":1,"15":1,"16":4,"17":5,"18":2,"19":1,"20":3,"21":1},"f":{"0":5,"1":5,"2":5,"3":5},"b":{"0":[3,2],"1":[2,3],"2":[5,3],"3":[2,0],"4":[1,1],"5":[1,4],"6":[5,1],"7":[1,0],"8":[1,0],"9":[2,3],"10":[1,1],"11":[2,1,1]},"_coverageSchema":"1a1c01bbd47fc00a2c39e90264f33305004495a9","hash":"179cc01983467c5ae63d0c334d0204a71f871b79"}
}
