{"C:\\Users\\mvbra\\Desktop\\Prova\\lib\\Prova.js": {"path":"C:\\Users\\mvbra\\Desktop\\Prova\\lib\\Prova.js","statementMap":{"0":{"start":{"line":1,"column":24},"end":{"line":5,"column":1}},"1":{"start":{"line":2,"column":4},"end":{"line":4,"column":5}},"2":{"start":{"line":3,"column":8},"end":{"line":3,"column":21}},"3":{"start":{"line":7,"column":43},"end":{"line":23,"column":1}},"4":{"start":{"line":9,"column":15},"end":{"line":9,"column":25}},"5":{"start":{"line":11,"column":4},"end":{"line":21,"column":5}},"6":{"start":{"line":13,"column":8},"end":{"line":17,"column":9}},"7":{"start":{"line":14,"column":12},"end":{"line":16,"column":13}},"8":{"start":{"line":15,"column":16},"end":{"line":15,"column":29}},"9":{"start":{"line":20,"column":8},"end":{"line":20,"column":21}},"10":{"start":{"line":27,"column":0},"end":{"line":27,"column":70}}},"fnMap":{"0":{"name":"(anonymous_0)","decl":{"start":{"line":1,"column":24},"end":{"line":1,"column":25}},"loc":{"start":{"line":1,"column":35},"end":{"line":5,"column":1}},"line":1},"1":{"name":"(anonymous_1)","decl":{"start":{"line":7,"column":43},"end":{"line":7,"column":44}},"loc":{"start":{"line":7,"column":54},"end":{"line":23,"column":1}},"line":7}},"branchMap":{"0":{"loc":{"start":{"line":2,"column":4},"end":{"line":4,"column":5}},"type":"if","locations":[{"start":{"line":2,"column":4},"end":{"line":4,"column":5}},{"start":{},"end":{}}],"line":2},"1":{"loc":{"start":{"line":11,"column":4},"end":{"line":21,"column":5}},"type":"if","locations":[{"start":{"line":11,"column":4},"end":{"line":21,"column":5}},{"start":{"line":19,"column":8},"end":{"line":21,"column":5}}],"line":11},"2":{"loc":{"start":{"line":11,"column":7},"end":{"line":11,"column":49}},"type":"binary-expr","locations":[{"start":{"line":11,"column":7},"end":{"line":11,"column":26}},{"start":{"line":11,"column":30},"end":{"line":11,"column":49}}],"line":11},"3":{"loc":{"start":{"line":13,"column":8},"end":{"line":17,"column":9}},"type":"if","locations":[{"start":{"line":13,"column":8},"end":{"line":17,"column":9}},{"start":{},"end":{}}],"line":13},"4":{"loc":{"start":{"line":14,"column":12},"end":{"line":16,"column":13}},"type":"if","locations":[{"start":{"line":14,"column":12},"end":{"line":16,"column":13}},{"start":{},"end":{}}],"line":14}},"s":{"0":1,"1":5,"2":3,"3":1,"4":5,"5":5,"6":2,"7":2,"8":1,"9":3,"10":1},"f":{"0":5,"1":5},"b":{"0":[3,2],"1":[2,3],"2":[5,3],"3":[2,0],"4":[1,1]},"_coverageSchema":"1a1c01bbd47fc00a2c39e90264f33305004495a9","hash":"3f7aaa1c525cd52fe91fda434db1b85b8fc72538"}
}
