TN:
SF:lib\Prova.js
FN:1,(anonymous_0)
FN:7,(anonymous_1)
FN:25,(anonymous_2)
FN:43,FiltroMaior4000eRegiaoSul
FNF:4
FNH:4
FNDA:5,(anonymous_0)
FNDA:5,(anonymous_1)
FNDA:5,(anonymous_2)
FNDA:5,FiltroMaior4000eRegiaoSul
DA:1,1
DA:2,5
DA:3,3
DA:7,1
DA:9,5
DA:11,5
DA:13,2
DA:14,2
DA:15,1
DA:20,3
DA:25,1
DA:27,5
DA:29,5
DA:31,1
DA:32,1
DA:33,1
DA:38,4
DA:45,5
DA:46,2
DA:47,1
DA:51,3
DA:56,1
LF:22
LH:22
BRDA:2,0,0,3
BRDA:2,0,1,2
BRDA:11,1,0,2
BRDA:11,1,1,3
BRDA:11,2,0,5
BRDA:11,2,1,3
BRDA:13,3,0,2
BRDA:13,3,1,0
BRDA:14,4,0,1
BRDA:14,4,1,1
BRDA:29,5,0,1
BRDA:29,5,1,4
BRDA:29,6,0,5
BRDA:29,6,1,1
BRDA:31,7,0,1
BRDA:31,7,1,0
BRDA:32,8,0,1
BRDA:32,8,1,0
BRDA:45,9,0,2
BRDA:45,9,1,3
BRDA:46,10,0,1
BRDA:46,10,1,1
BRDA:46,11,0,2
BRDA:46,11,1,1
BRDA:46,11,2,1
BRF:25
BRH:22
end_of_record
